<?xml version="1.0" encoding="UTF-8"?>
<!-- Generated by org.testng.reporters.JUnitReportReporter -->
<testsuite hostname="ip-172-31-67-20" name="jenkinsDemo.AppTest" tests="1" failures="0" timestamp="25 Jul 2021 15:45:23 GMT" time="0.007" errors="0">
  <testcase name="testApp" time="0.007" classname="jenkinsDemo.AppTest"/>
</testsuite> <!-- jenkinsDemo.AppTest -->
